<?xml version="1.0" encoding="UTF-8"?>
<testng-results skipped="0" failed="0" ignored="0" total="1" passed="1">
  <reporter-output>
  </reporter-output>
  <suite name="Suite" duration-ms="17898" started-at="2019-02-05T16:18:55Z" finished-at="2019-02-05T16:19:13Z">
    <groups>
    </groups>
    <test name="Test" duration-ms="17898" started-at="2019-02-05T16:18:55Z" finished-at="2019-02-05T16:19:13Z">
      <class name="com.tdecu.testcases.LoginTestTDECU">
        <test-method status="PASS" signature="setUpSuite()[pri:0, instance:com.tdecu.testcases.LoginTestTDECU@5e3a8624]" name="setUpSuite" is-config="true" duration-ms="1033" started-at="2019-02-05T16:18:54Z" finished-at="2019-02-05T16:18:55Z">
          <reporter-output>
          </reporter-output>
        </test-method> <!-- setUpSuite -->
        <test-method status="PASS" signature="setup()[pri:0, instance:com.tdecu.testcases.LoginTestTDECU@5e3a8624]" name="setup" is-config="true" duration-ms="8666" started-at="2019-02-05T16:18:55Z" finished-at="2019-02-05T16:19:03Z">
          <reporter-output>
          </reporter-output>
        </test-method> <!-- setup -->
        <test-method status="PASS" signature="login()[pri:0, instance:com.tdecu.testcases.LoginTestTDECU@5e3a8624]" name="login" duration-ms="7454" started-at="2019-02-05T16:19:03Z" finished-at="2019-02-05T16:19:11Z">
          <reporter-output>
          </reporter-output>
        </test-method> <!-- login -->
        <test-method status="PASS" signature="TakeScreenshot(org.testng.ITestResult)[pri:0, instance:com.tdecu.testcases.LoginTestTDECU@5e3a8624]" name="TakeScreenshot" is-config="true" duration-ms="3" started-at="2019-02-05T16:19:11Z" finished-at="2019-02-05T16:19:11Z">
          <params>
            <param index="0">
              <value>
                <![CDATA[[TestResult name=login status=SUCCESS method=LoginTestTDECU.login()[pri:0, instance:com.tdecu.testcases.LoginTestTDECU@5e3a8624] output={null}]]]>
              </value>
            </param>
          </params>
          <reporter-output>
          </reporter-output>
        </test-method> <!-- TakeScreenshot -->
        <test-method status="PASS" signature="teaDown()[pri:0, instance:com.tdecu.testcases.LoginTestTDECU@5e3a8624]" name="teaDown" is-config="true" duration-ms="1749" started-at="2019-02-05T16:19:11Z" finished-at="2019-02-05T16:19:13Z">
          <reporter-output>
          </reporter-output>
        </test-method> <!-- teaDown -->
      </class> <!-- com.tdecu.testcases.LoginTestTDECU -->
    </test> <!-- Test -->
  </suite> <!-- Suite -->
</testng-results>
